TN:
SF:C:\Users\hp\KoLsMarket_Production\contracts\src\mocks\Mocks.sol
FN:8,constructor
FN:16,constructor
FN:19,transfer
FN:23,transferFrom
FN:33,constructor
FN:34,transfer
FN:38,transferFrom
FN:47,constructor
FN:48,transfer
FN:52,transferFrom
FN:63,constructor
FN:64,setRevert
FN:65,transfer
FN:69,transferFrom
FNF:14
FNH:11
FNDA:1,constructor
FNDA:1,constructor
FNDA:10,transfer
FNDA:32,transferFrom
FNDA:0,constructor
FNDA:0,transfer
FNDA:0,transferFrom
FNDA:1,constructor
FNDA:1,transfer
FNDA:2,transferFrom
FNDA:1,constructor
FNDA:1,setRevert
FNDA:2,transfer
FNDA:1,transferFrom
DA:9,1
DA:17,1
DA:20,10
DA:21,10
DA:24,32
DA:25,32
DA:26,32
DA:35,0
DA:36,0
DA:39,0
DA:40,0
DA:49,1
DA:50,1
DA:53,2
DA:54,2
DA:55,2
DA:56,2
DA:66,2
DA:67,1
DA:70,1
DA:71,1
LF:21
LH:17
BRDA:66,1,0,1
BRDA:66,1,1,1
BRDA:70,2,0,0
BRDA:70,2,1,1
BRF:4
BRH:3
end_of_record
TN:
SF:C:\Users\hp\KoLsMarket_Production\contracts\src\UniversalServiceEscrow.sol
FN:125,constructor
FN:140,whenNotPaused
FN:153,setTokenAllowed
FN:165,_whitelistToken
FN:177,togglePause
FN:184,_queue
FN:189,_consume
FN:195,cancelQueuedAction
FN:202,queueDefaultFee
FN:206,executeDefaultFee
FN:214,queueFeeRecipient
FN:218,executeFeeRecipient
FN:226,queueLimits
FN:230,executeLimits
FN:241,queueStaleTimeout
FN:245,executeStaleTimeout
FN:257,createAndFundEscrow
FN:293,acceptEscrow
FN:305,releaseFunds
FN:323,claimTimeout
FN:346,cancelEscrow
FN:362,openDispute
FN:374,submitEvidence
FN:387,resolveDispute
FN:415,resolveStaleDispute
FN:442,_credit
FN:453,withdraw
FN:468,batchWithdraw
FN:499,recoverStuckTokens
FN:512,getEscrowDetails
FN:525,getActiveEscrowsByUser
FN:544,getActiveEscrowCount
FN:548,canClaimTimeout
FN:553,tokenSymbol
FN:558,tokenSymbols
FN:562,allowedTokens
FNF:36
FNH:32
FNDA:1,constructor
FNDA:81,whenNotPaused
FNDA:6,setTokenAllowed
FNDA:5,_whitelistToken
FNDA:3,togglePause
FNDA:6,_queue
FNDA:7,_consume
FNDA:1,cancelQueuedAction
FNDA:4,queueDefaultFee
FNDA:4,executeDefaultFee
FNDA:1,queueFeeRecipient
FNDA:1,executeFeeRecipient
FNDA:1,queueLimits
FNDA:1,executeLimits
FNDA:3,queueStaleTimeout
FNDA:1,executeStaleTimeout
FNDA:38,createAndFundEscrow
FNDA:25,acceptEscrow
FNDA:9,releaseFunds
FNDA:3,claimTimeout
FNDA:3,cancelEscrow
FNDA:14,openDispute
FNDA:2,submitEvidence
FNDA:8,resolveDispute
FNDA:5,resolveStaleDispute
FNDA:52,_credit
FNDA:6,withdraw
FNDA:2,batchWithdraw
FNDA:0,recoverStuckTokens
FNDA:2,getEscrowDetails
FNDA:3,getActiveEscrowsByUser
FNDA:3,getActiveEscrowCount
FNDA:0,canClaimTimeout
FNDA:1,tokenSymbol
FNDA:0,tokenSymbols
FNDA:0,allowedTokens
DA:126,1
DA:127,1
DA:130,1
DA:131,0
DA:132,0
DA:133,0
DA:134,0
DA:141,81
DA:142,78
DA:154,6
DA:155,6
DA:156,5
DA:157,5
DA:159,1
DA:160,1
DA:161,1
DA:166,5
DA:167,5
DA:168,5
DA:169,5
DA:171,0
DA:178,3
DA:179,3
DA:185,6
DA:186,6
DA:190,7
DA:191,7
DA:192,4
DA:196,1
DA:197,1
DA:198,1
DA:203,4
DA:204,3
DA:207,4
DA:208,1
DA:209,1
DA:210,1
DA:215,1
DA:216,1
DA:219,1
DA:220,1
DA:221,1
DA:222,1
DA:227,1
DA:228,1
DA:231,1
DA:232,1
DA:233,1
DA:234,1
DA:235,1
DA:236,1
DA:237,1
DA:242,3
DA:243,1
DA:246,1
DA:247,1
DA:258,38
DA:259,38
DA:260,37
DA:261,36
DA:262,36
DA:263,35
DA:266,35
DA:267,35
DA:268,35
DA:269,35
DA:271,35
DA:272,35
DA:284,35
DA:285,35
DA:287,35
DA:288,35
DA:294,25
DA:295,25
DA:296,24
DA:297,24
DA:298,24
DA:299,23
DA:300,23
DA:306,9
DA:307,9
DA:308,9
DA:310,9
DA:311,9
DA:313,9
DA:314,9
DA:316,9
DA:317,9
DA:318,9
DA:320,9
DA:324,3
DA:325,3
DA:326,3
DA:327,3
DA:328,2
DA:330,1
DA:331,1
DA:333,1
DA:334,1
DA:336,1
DA:337,1
DA:338,1
DA:340,1
DA:341,1
DA:347,3
DA:348,3
DA:349,3
DA:351,2
DA:352,2
DA:354,2
DA:355,2
DA:357,2
DA:363,14
DA:364,14
DA:365,13
DA:367,13
DA:368,13
DA:369,13
DA:371,13
DA:375,2
DA:376,2
DA:377,1
DA:378,1
DA:388,8
DA:389,7
DA:390,7
DA:392,7
DA:393,7
DA:394,7
DA:395,7
DA:397,7
DA:398,7
DA:399,7
DA:400,7
DA:401,7
DA:403,7
DA:404,7
DA:405,7
DA:407,7
DA:416,5
DA:417,5
DA:418,5
DA:419,4
DA:421,3
DA:422,3
DA:423,3
DA:424,3
DA:425,3
DA:428,3
DA:429,3
DA:430,3
DA:431,3
DA:433,3
DA:434,3
DA:435,3
DA:437,3
DA:443,52
DA:444,49
DA:445,49
DA:446,49
DA:454,6
DA:455,6
DA:457,5
DA:458,5
DA:460,5
DA:461,5
DA:469,2
DA:470,3
DA:471,3
DA:472,3
DA:473,3
DA:474,3
DA:477,3
DA:480,3
DA:482,3
DA:484,1
DA:485,1
DA:487,2
DA:500,0
DA:501,0
DA:502,0
DA:503,0
DA:504,0
DA:506,0
DA:507,0
DA:516,2
DA:517,2
DA:518,2
DA:526,3
DA:527,3
DA:528,3
DA:530,3
DA:531,11
DA:532,11
DA:533,11
DA:534,11
DA:538,3
DA:539,3
DA:540,3
DA:541,3
DA:545,3
DA:549,0
DA:550,0
DA:554,1
DA:559,0
DA:563,0
LF:206
LH:190
BRDA:126,1,0,1
BRDA:126,1,1,0
BRDA:130,2,0,0
BRDA:130,2,1,1
BRDA:131,3,0,0
BRDA:131,3,1,0
BRDA:132,4,0,0
BRDA:132,4,1,0
BRDA:133,5,0,0
BRDA:133,5,1,0
BRDA:134,6,0,0
BRDA:134,6,1,0
BRDA:141,7,0,78
BRDA:141,7,1,3
BRDA:153,8,0,6
BRDA:153,8,1,0
BRDA:154,9,0,6
BRDA:154,9,1,0
BRDA:155,10,0,5
BRDA:155,10,1,1
BRDA:156,11,0,5
BRDA:156,11,1,0
BRDA:167,12,0,5
BRDA:167,12,1,0
BRDA:177,13,0,3
BRDA:177,13,1,1
BRDA:191,14,0,4
BRDA:191,14,1,3
BRDA:195,15,0,1
BRDA:195,15,1,0
BRDA:196,16,0,1
BRDA:196,16,1,0
BRDA:202,17,0,4
BRDA:202,17,1,1
BRDA:203,18,0,3
BRDA:203,18,1,1
BRDA:206,19,0,4
BRDA:206,19,1,0
BRDA:214,20,0,1
BRDA:214,20,1,0
BRDA:215,21,0,1
BRDA:215,21,1,0
BRDA:218,22,0,1
BRDA:218,22,1,0
BRDA:226,23,0,1
BRDA:226,23,1,0
BRDA:227,24,0,1
BRDA:227,24,1,0
BRDA:230,25,0,1
BRDA:230,25,1,0
BRDA:232,26,0,1
BRDA:232,26,1,0
BRDA:241,27,0,3
BRDA:241,27,1,0
BRDA:242,28,0,1
BRDA:242,28,1,2
BRDA:245,29,0,1
BRDA:245,29,1,0
BRDA:257,30,0,39
BRDA:257,30,1,0
BRDA:257,31,0,38
BRDA:257,31,1,1
BRDA:259,32,0,37
BRDA:259,32,1,1
BRDA:260,33,0,36
BRDA:260,33,1,1
BRDA:261,34,0,36
BRDA:261,34,1,0
BRDA:262,35,0,35
BRDA:262,35,1,1
BRDA:263,36,0,35
BRDA:263,36,1,0
BRDA:269,37,0,35
BRDA:269,37,1,0
BRDA:293,38,0,25
BRDA:293,38,1,0
BRDA:295,39,0,24
BRDA:295,39,1,1
BRDA:296,40,0,24
BRDA:296,40,1,0
BRDA:297,41,0,24
BRDA:297,41,1,0
BRDA:298,42,0,23
BRDA:298,42,1,1
BRDA:305,43,0,10
BRDA:305,43,1,0
BRDA:305,44,0,9
BRDA:305,44,1,1
BRDA:307,45,0,9
BRDA:307,45,1,0
BRDA:308,46,0,9
BRDA:308,46,1,0
BRDA:323,47,0,3
BRDA:323,47,1,0
BRDA:323,48,0,3
BRDA:323,48,1,0
BRDA:325,49,0,3
BRDA:325,49,1,0
BRDA:326,50,0,3
BRDA:326,50,1,0
BRDA:327,51,0,2
BRDA:327,51,1,1
BRDA:328,52,0,1
BRDA:328,52,1,1
BRDA:346,53,0,4
BRDA:346,53,1,0
BRDA:346,54,0,3
BRDA:346,54,1,1
BRDA:348,55,0,3
BRDA:348,55,1,0
BRDA:349,56,0,2
BRDA:349,56,1,1
BRDA:362,57,0,14
BRDA:362,57,1,0
BRDA:364,58,0,13
BRDA:364,58,1,1
BRDA:364,59,0,12
BRDA:364,59,1,1
BRDA:365,60,0,13
BRDA:365,60,1,0
BRDA:376,61,0,1
BRDA:376,61,1,1
BRDA:376,62,0,0
BRDA:376,62,1,1
BRDA:377,63,0,1
BRDA:377,63,1,0
BRDA:387,64,0,8
BRDA:387,64,1,1
BRDA:387,65,0,8
BRDA:387,65,1,0
BRDA:388,66,0,7
BRDA:388,66,1,1
BRDA:390,67,0,7
BRDA:390,67,1,0
BRDA:415,68,0,5
BRDA:415,68,1,0
BRDA:417,69,0,5
BRDA:417,69,1,0
BRDA:418,70,0,4
BRDA:418,70,1,1
BRDA:418,71,0,3
BRDA:418,71,1,1
BRDA:419,72,0,3
BRDA:419,72,1,1
BRDA:443,73,0,3
BRDA:443,73,1,49
BRDA:453,74,0,6
BRDA:453,74,1,0
BRDA:455,75,0,5
BRDA:455,75,1,1
BRDA:468,76,0,2
BRDA:468,76,1,0
BRDA:472,77,0,3
BRDA:472,77,1,0
BRDA:482,78,0,1
BRDA:482,78,1,2
BRDA:499,79,0,0
BRDA:499,79,1,1
BRDA:499,80,0,0
BRDA:499,80,1,0
BRDA:500,81,0,0
BRDA:500,81,1,0
BRDA:503,82,0,0
BRDA:503,82,1,0
BRDA:504,83,0,0
BRDA:504,83,1,0
BRDA:517,84,0,2
BRDA:517,84,1,0
BRDA:532,85,0,11
BRDA:532,85,1,0
BRDA:532,86,0,11
BRDA:532,86,1,0
BRDA:532,87,0,11
BRDA:532,87,1,0
BRDA:533,88,0,5
BRDA:533,88,1,6
BRDA:538,89,0,3
BRDA:538,89,1,0
BRF:178
BRH:111
end_of_record
