{"src\\mocks\\Mocks.sol":{"l":{"9":1,"17":1,"20":10,"21":10,"24":32,"25":32,"26":32,"35":0,"36":0,"39":0,"40":0,"49":1,"50":1,"53":2,"54":2,"55":2,"56":2,"66":2,"67":1,"70":1,"71":1},"path":"C:\\Users\\hp\\KoLsMarket_Production\\contracts\\src\\mocks\\Mocks.sol","s":{"1":1,"2":1,"3":10,"4":32,"5":32,"6":0,"7":0,"8":0,"9":0,"10":0,"11":1,"12":1,"13":1,"14":2,"15":2,"16":2,"17":2,"18":1,"19":2,"20":1,"21":1,"22":1,"23":0,"24":1},"b":{"1":[1,1],"2":[0,1]},"f":{"1":1,"2":1,"3":10,"4":32,"5":0,"6":0,"7":0,"8":1,"9":1,"10":2,"11":1,"12":1,"13":2,"14":1},"fnMap":{"1":{"name":"constructor","line":8,"loc":{"start":{"line":8,"column":4},"end":{"line":10,"column":4}}},"2":{"name":"constructor","line":16,"loc":{"start":{"line":16,"column":4},"end":{"line":18,"column":4}}},"3":{"name":"transfer","line":19,"loc":{"start":{"line":19,"column":4},"end":{"line":22,"column":4}}},"4":{"name":"transferFrom","line":23,"loc":{"start":{"line":23,"column":4},"end":{"line":27,"column":4}}},"5":{"name":"constructor","line":33,"loc":{"start":{"line":33,"column":4},"end":{"line":33,"column":77}}},"6":{"name":"transfer","line":34,"loc":{"start":{"line":34,"column":4},"end":{"line":37,"column":4}}},"7":{"name":"transferFrom","line":38,"loc":{"start":{"line":38,"column":4},"end":{"line":41,"column":4}}},"8":{"name":"constructor","line":47,"loc":{"start":{"line":47,"column":4},"end":{"line":47,"column":82}}},"9":{"name":"transfer","line":48,"loc":{"start":{"line":48,"column":4},"end":{"line":51,"column":4}}},"10":{"name":"transferFrom","line":52,"loc":{"start":{"line":52,"column":4},"end":{"line":57,"column":4}}},"11":{"name":"constructor","line":63,"loc":{"start":{"line":63,"column":4},"end":{"line":63,"column":85}}},"12":{"name":"setRevert","line":64,"loc":{"start":{"line":64,"column":4},"end":{"line":64,"column":62}}},"13":{"name":"transfer","line":65,"loc":{"start":{"line":65,"column":4},"end":{"line":68,"column":4}}},"14":{"name":"transferFrom","line":69,"loc":{"start":{"line":69,"column":4},"end":{"line":72,"column":4}}}},"statementMap":{"1":{"start":{"line":9,"column":8},"end":{"line":9,"column":41}},"2":{"start":{"line":17,"column":8},"end":{"line":17,"column":41}},"3":{"start":{"line":20,"column":8},"end":{"line":20,"column":42}},"4":{"start":{"line":24,"column":8},"end":{"line":24,"column":50}},"5":{"start":{"line":25,"column":8},"end":{"line":25,"column":34}},"6":{"start":{"line":33,"column":41},"end":{"line":33,"column":74}},"7":{"start":{"line":35,"column":8},"end":{"line":35,"column":33}},"8":{"start":{"line":36,"column":8},"end":{"line":36,"column":20}},"9":{"start":{"line":39,"column":8},"end":{"line":39,"column":43}},"10":{"start":{"line":40,"column":8},"end":{"line":40,"column":20}},"11":{"start":{"line":47,"column":46},"end":{"line":47,"column":79}},"12":{"start":{"line":49,"column":8},"end":{"line":49,"column":50}},"13":{"start":{"line":50,"column":8},"end":{"line":50,"column":47}},"14":{"start":{"line":53,"column":8},"end":{"line":53,"column":50}},"15":{"start":{"line":54,"column":8},"end":{"line":54,"column":51}},"16":{"start":{"line":55,"column":8},"end":{"line":55,"column":49}},"17":{"start":{"line":56,"column":8},"end":{"line":56,"column":19}},"18":{"start":{"line":63,"column":49},"end":{"line":63,"column":82}},"19":{"start":{"line":66,"column":8},"end":{"line":66,"column":58}},"20":{"start":{"line":66,"column":26},"end":{"line":66,"column":57}},"21":{"start":{"line":67,"column":8},"end":{"line":67,"column":41}},"22":{"start":{"line":70,"column":8},"end":{"line":70,"column":62}},"23":{"start":{"line":70,"column":26},"end":{"line":70,"column":61}},"24":{"start":{"line":71,"column":8},"end":{"line":71,"column":51}}},"branchMap":{"1":{"line":66,"type":"if","locations":[{"start":{"line":66,"column":8},"end":{"line":66,"column":8}},{"start":{"line":66,"column":8},"end":{"line":66,"column":8}}]},"2":{"line":70,"type":"if","locations":[{"start":{"line":70,"column":8},"end":{"line":70,"column":8}},{"start":{"line":70,"column":8},"end":{"line":70,"column":8}}]}}},"src\\UniversalServiceEscrow.sol":{"l":{"126":1,"127":1,"130":1,"131":0,"132":0,"133":0,"134":0,"141":81,"142":78,"154":6,"155":6,"156":5,"157":5,"159":1,"160":1,"161":1,"166":5,"167":5,"168":5,"169":5,"171":0,"178":3,"179":3,"185":6,"186":6,"190":7,"191":7,"192":4,"196":1,"197":1,"198":1,"203":4,"204":3,"207":4,"208":1,"209":1,"210":1,"215":1,"216":1,"219":1,"220":1,"221":1,"222":1,"227":1,"228":1,"231":1,"232":1,"233":1,"234":1,"235":1,"236":1,"237":1,"242":3,"243":1,"246":1,"247":1,"258":38,"259":38,"260":37,"261":36,"262":36,"263":35,"266":35,"267":35,"268":35,"269":35,"271":35,"272":35,"284":35,"285":35,"287":35,"288":35,"294":25,"295":25,"296":24,"297":24,"298":24,"299":23,"300":23,"306":9,"307":9,"308":9,"310":9,"311":9,"313":9,"314":9,"316":9,"317":9,"318":9,"320":9,"324":3,"325":3,"326":3,"327":3,"328":2,"330":1,"331":1,"333":1,"334":1,"336":1,"337":1,"338":1,"340":1,"341":1,"347":3,"348":3,"349":3,"351":2,"352":2,"354":2,"355":2,"357":2,"363":14,"364":14,"365":13,"367":13,"368":13,"369":13,"371":13,"375":2,"376":2,"377":1,"378":1,"388":8,"389":7,"390":7,"392":7,"393":7,"394":7,"395":7,"397":7,"398":7,"399":7,"400":7,"401":7,"403":7,"404":7,"405":7,"407":7,"416":5,"417":5,"418":5,"419":4,"421":3,"422":3,"423":3,"424":3,"425":3,"428":3,"429":3,"430":3,"431":3,"433":3,"434":3,"435":3,"437":3,"443":52,"444":49,"445":49,"446":49,"454":6,"455":6,"457":5,"458":5,"460":5,"461":5,"469":2,"470":3,"471":3,"472":3,"473":3,"474":3,"477":3,"480":3,"482":3,"484":1,"485":1,"487":2,"500":0,"501":0,"502":0,"503":0,"504":0,"506":0,"507":0,"516":2,"517":2,"518":2,"526":3,"527":3,"528":3,"530":3,"531":11,"532":11,"533":11,"534":11,"538":3,"539":3,"540":3,"541":3,"545":3,"549":0,"550":0,"554":1,"559":0,"563":0},"path":"C:\\Users\\hp\\KoLsMarket_Production\\contracts\\src\\UniversalServiceEscrow.sol","s":{"1":1,"2":1,"3":0,"4":0,"5":0,"6":0,"7":0,"8":0,"9":0,"10":0,"11":81,"12":6,"13":6,"14":5,"15":5,"16":1,"17":1,"18":5,"19":5,"20":5,"21":0,"22":3,"23":6,"24":7,"25":7,"26":1,"27":1,"28":4,"29":3,"30":4,"31":1,"32":1,"33":1,"34":1,"35":1,"36":1,"37":1,"38":1,"39":1,"40":1,"41":1,"42":1,"43":3,"44":1,"45":1,"46":38,"47":38,"48":37,"49":36,"50":36,"51":35,"52":35,"53":35,"54":35,"55":35,"56":35,"57":35,"58":35,"59":25,"60":25,"61":24,"62":24,"63":24,"64":23,"65":9,"66":9,"67":9,"68":9,"69":9,"70":9,"71":9,"72":9,"73":3,"74":3,"75":3,"76":3,"77":2,"78":1,"79":1,"80":1,"81":1,"82":1,"83":1,"84":3,"85":3,"86":3,"87":2,"88":2,"89":14,"90":14,"91":13,"92":13,"93":2,"94":2,"95":1,"96":1,"97":8,"98":7,"99":7,"100":7,"101":7,"102":7,"103":7,"104":7,"105":7,"106":7,"107":7,"108":5,"109":5,"110":5,"111":4,"112":3,"113":3,"114":3,"115":3,"116":3,"117":3,"118":3,"119":3,"120":52,"121":3,"122":49,"123":6,"124":6,"125":5,"126":5,"127":2,"128":3,"129":3,"130":3,"131":3,"132":3,"133":3,"134":2,"135":0,"136":0,"137":0,"138":0,"139":0,"140":0,"141":0,"142":2,"143":2,"144":2,"145":3,"146":3,"147":3,"148":3,"149":11,"150":11,"151":11,"152":3,"153":3,"154":3,"155":3,"156":3,"157":0,"158":0,"159":1,"160":0,"161":0},"b":{"1":[1,0],"2":[0,1],"3":[0,0],"4":[0,0],"5":[0,0],"6":[0,0],"7":[78,3],"8":[6,0],"9":[6,0],"10":[5,1],"11":[5,0],"12":[5,0],"13":[3,1],"14":[4,3],"15":[1,0],"16":[1,0],"17":[4,1],"18":[3,1],"19":[4,0],"20":[1,0],"21":[1,0],"22":[1,0],"23":[1,0],"24":[1,0],"25":[1,0],"26":[1,0],"27":[3,0],"28":[1,2],"29":[1,0],"30":[39,0],"31":[38,1],"32":[37,1],"33":[36,1],"34":[36,0],"35":[35,1],"36":[35,0],"37":[35,0],"38":[25,0],"39":[24,1],"40":[24,0],"41":[24,0],"42":[23,1],"43":[10,0],"44":[9,1],"45":[9,0],"46":[9,0],"47":[3,0],"48":[3,0],"49":[3,0],"50":[3,0],"51":[2,1],"52":[1,1],"53":[4,0],"54":[3,1],"55":[3,0],"56":[2,1],"57":[14,0],"58":[13,1],"59":[12,1],"60":[13,0],"61":[1,1],"62":[0,1],"63":[1,0],"64":[8,1],"65":[8,0],"66":[7,1],"67":[7,0],"68":[5,0],"69":[5,0],"70":[4,1],"71":[3,1],"72":[3,1],"73":[3,49],"74":[6,0],"75":[5,1],"76":[2,0],"77":[3,0],"78":[1,2],"79":[0,1],"80":[0,0],"81":[0,0],"82":[0,0],"83":[0,0],"84":[2,0],"85":[11,0],"86":[11,0],"87":[11,0],"88":[5,6],"89":[3,0]},"f":{"1":1,"2":81,"3":6,"4":5,"5":3,"6":6,"7":7,"8":1,"9":4,"10":4,"11":1,"12":1,"13":1,"14":1,"15":3,"16":1,"17":38,"18":25,"19":9,"20":3,"21":3,"22":14,"23":2,"24":8,"25":5,"26":52,"27":6,"28":2,"29":0,"30":2,"31":3,"32":3,"33":0,"34":1,"35":0,"36":0},"fnMap":{"1":{"name":"constructor","line":125,"loc":{"start":{"line":125,"column":4},"end":{"line":136,"column":4}}},"2":{"name":"whenNotPaused","line":140,"loc":{"start":{"line":140,"column":4},"end":{"line":143,"column":4}}},"3":{"name":"setTokenAllowed","line":153,"loc":{"start":{"line":147,"column":4},"end":{"line":163,"column":4}}},"4":{"name":"_whitelistToken","line":165,"loc":{"start":{"line":165,"column":4},"end":{"line":173,"column":4}}},"5":{"name":"togglePause","line":177,"loc":{"start":{"line":177,"column":4},"end":{"line":180,"column":4}}},"6":{"name":"_queue","line":184,"loc":{"start":{"line":184,"column":4},"end":{"line":187,"column":4}}},"7":{"name":"_consume","line":189,"loc":{"start":{"line":189,"column":4},"end":{"line":193,"column":4}}},"8":{"name":"cancelQueuedAction","line":195,"loc":{"start":{"line":195,"column":4},"end":{"line":199,"column":4}}},"9":{"name":"queueDefaultFee","line":202,"loc":{"start":{"line":202,"column":4},"end":{"line":205,"column":4}}},"10":{"name":"executeDefaultFee","line":206,"loc":{"start":{"line":206,"column":4},"end":{"line":211,"column":4}}},"11":{"name":"queueFeeRecipient","line":214,"loc":{"start":{"line":214,"column":4},"end":{"line":217,"column":4}}},"12":{"name":"executeFeeRecipient","line":218,"loc":{"start":{"line":218,"column":4},"end":{"line":223,"column":4}}},"13":{"name":"queueLimits","line":226,"loc":{"start":{"line":226,"column":4},"end":{"line":229,"column":4}}},"14":{"name":"executeLimits","line":230,"loc":{"start":{"line":230,"column":4},"end":{"line":238,"column":4}}},"15":{"name":"queueStaleTimeout","line":241,"loc":{"start":{"line":241,"column":4},"end":{"line":244,"column":4}}},"16":{"name":"executeStaleTimeout","line":245,"loc":{"start":{"line":245,"column":4},"end":{"line":248,"column":4}}},"17":{"name":"createAndFundEscrow","line":257,"loc":{"start":{"line":252,"column":4},"end":{"line":289,"column":4}}},"18":{"name":"acceptEscrow","line":293,"loc":{"start":{"line":293,"column":4},"end":{"line":301,"column":4}}},"19":{"name":"releaseFunds","line":305,"loc":{"start":{"line":305,"column":4},"end":{"line":321,"column":4}}},"20":{"name":"claimTimeout","line":323,"loc":{"start":{"line":323,"column":4},"end":{"line":342,"column":4}}},"21":{"name":"cancelEscrow","line":346,"loc":{"start":{"line":346,"column":4},"end":{"line":358,"column":4}}},"22":{"name":"openDispute","line":362,"loc":{"start":{"line":362,"column":4},"end":{"line":372,"column":4}}},"23":{"name":"submitEvidence","line":374,"loc":{"start":{"line":374,"column":4},"end":{"line":379,"column":4}}},"24":{"name":"resolveDispute","line":387,"loc":{"start":{"line":387,"column":4},"end":{"line":408,"column":4}}},"25":{"name":"resolveStaleDispute","line":415,"loc":{"start":{"line":415,"column":4},"end":{"line":438,"column":4}}},"26":{"name":"_credit","line":442,"loc":{"start":{"line":442,"column":4},"end":{"line":447,"column":4}}},"27":{"name":"withdraw","line":453,"loc":{"start":{"line":453,"column":4},"end":{"line":462,"column":4}}},"28":{"name":"batchWithdraw","line":468,"loc":{"start":{"line":468,"column":4},"end":{"line":491,"column":4}}},"29":{"name":"recoverStuckTokens","line":499,"loc":{"start":{"line":499,"column":4},"end":{"line":508,"column":4}}},"30":{"name":"getEscrowDetails","line":512,"loc":{"start":{"line":512,"column":4},"end":{"line":519,"column":4}}},"31":{"name":"getActiveEscrowsByUser","line":525,"loc":{"start":{"line":525,"column":4},"end":{"line":542,"column":4}}},"32":{"name":"getActiveEscrowCount","line":544,"loc":{"start":{"line":544,"column":4},"end":{"line":546,"column":4}}},"33":{"name":"canClaimTimeout","line":548,"loc":{"start":{"line":548,"column":4},"end":{"line":551,"column":4}}},"34":{"name":"tokenSymbol","line":553,"loc":{"start":{"line":553,"column":4},"end":{"line":555,"column":4}}},"35":{"name":"tokenSymbols","line":558,"loc":{"start":{"line":558,"column":4},"end":{"line":560,"column":4}}},"36":{"name":"allowedTokens","line":562,"loc":{"start":{"line":562,"column":4},"end":{"line":564,"column":4}}}},"statementMap":{"1":{"start":{"line":126,"column":8},"end":{"line":126,"column":68}},"2":{"start":{"line":130,"column":8},"end":{"line":130,"column":6377}},"3":{"start":{"line":131,"column":12},"end":{"line":131,"column":90}},"4":{"start":{"line":131,"column":38},"end":{"line":131,"column":89}},"5":{"start":{"line":132,"column":12},"end":{"line":132,"column":90}},"6":{"start":{"line":132,"column":38},"end":{"line":132,"column":89}},"7":{"start":{"line":133,"column":12},"end":{"line":133,"column":90}},"8":{"start":{"line":133,"column":38},"end":{"line":133,"column":89}},"9":{"start":{"line":134,"column":12},"end":{"line":134,"column":91}},"10":{"start":{"line":134,"column":38},"end":{"line":134,"column":90}},"11":{"start":{"line":141,"column":8},"end":{"line":141,"column":45}},"12":{"start":{"line":154,"column":8},"end":{"line":154,"column":87}},"13":{"start":{"line":155,"column":8},"end":{"line":155,"column":7266}},"14":{"start":{"line":156,"column":12},"end":{"line":156,"column":86}},"15":{"start":{"line":157,"column":12},"end":{"line":157,"column":67}},"16":{"start":{"line":159,"column":12},"end":{"line":159,"column":65}},"17":{"start":{"line":161,"column":12},"end":{"line":161,"column":67}},"18":{"start":{"line":166,"column":8},"end":{"line":166,"column":7767}},"19":{"start":{"line":167,"column":12},"end":{"line":167,"column":53}},"20":{"start":{"line":169,"column":12},"end":{"line":169,"column":70}},"21":{"start":{"line":171,"column":12},"end":{"line":171,"column":41}},"22":{"start":{"line":179,"column":8},"end":{"line":179,"column":33}},"23":{"start":{"line":186,"column":8},"end":{"line":186,"column":56}},"24":{"start":{"line":190,"column":8},"end":{"line":190,"column":39}},"25":{"start":{"line":191,"column":8},"end":{"line":191,"column":66}},"26":{"start":{"line":196,"column":8},"end":{"line":196,"column":58}},"27":{"start":{"line":198,"column":8},"end":{"line":198,"column":38}},"28":{"start":{"line":203,"column":8},"end":{"line":203,"column":60}},"29":{"start":{"line":204,"column":8},"end":{"line":204,"column":55}},"30":{"start":{"line":207,"column":8},"end":{"line":207,"column":57}},"31":{"start":{"line":208,"column":8},"end":{"line":208,"column":38}},"32":{"start":{"line":210,"column":8},"end":{"line":210,"column":50}},"33":{"start":{"line":215,"column":8},"end":{"line":215,"column":62}},"34":{"start":{"line":216,"column":8},"end":{"line":216,"column":64}},"35":{"start":{"line":219,"column":8},"end":{"line":219,"column":66}},"36":{"start":{"line":220,"column":8},"end":{"line":220,"column":43}},"37":{"start":{"line":222,"column":8},"end":{"line":222,"column":61}},"38":{"start":{"line":227,"column":8},"end":{"line":227,"column":118}},"39":{"start":{"line":228,"column":8},"end":{"line":228,"column":98}},"40":{"start":{"line":231,"column":8},"end":{"line":231,"column":100}},"41":{"start":{"line":232,"column":8},"end":{"line":232,"column":58}},"42":{"start":{"line":237,"column":8},"end":{"line":237,"column":78}},"43":{"start":{"line":242,"column":8},"end":{"line":242,"column":91}},"44":{"start":{"line":243,"column":8},"end":{"line":243,"column":70}},"45":{"start":{"line":246,"column":8},"end":{"line":246,"column":72}},"46":{"start":{"line":258,"column":8},"end":{"line":258,"column":53}},"47":{"start":{"line":259,"column":8},"end":{"line":259,"column":52}},"48":{"start":{"line":260,"column":8},"end":{"line":260,"column":86}},"49":{"start":{"line":261,"column":8},"end":{"line":261,"column":92}},"50":{"start":{"line":262,"column":8},"end":{"line":262,"column":119}},"51":{"start":{"line":263,"column":8},"end":{"line":263,"column":100}},"52":{"start":{"line":266,"column":8},"end":{"line":266,"column":71}},"53":{"start":{"line":267,"column":8},"end":{"line":267,"column":74}},"54":{"start":{"line":268,"column":8},"end":{"line":268,"column":86}},"55":{"start":{"line":269,"column":8},"end":{"line":269,"column":65}},"56":{"start":{"line":271,"column":8},"end":{"line":271,"column":42}},"57":{"start":{"line":287,"column":8},"end":{"line":287,"column":112}},"58":{"start":{"line":288,"column":8},"end":{"line":288,"column":23}},"59":{"start":{"line":294,"column":8},"end":{"line":294,"column":45}},"60":{"start":{"line":295,"column":8},"end":{"line":295,"column":57}},"61":{"start":{"line":296,"column":8},"end":{"line":296,"column":55}},"62":{"start":{"line":297,"column":8},"end":{"line":297,"column":91}},"63":{"start":{"line":298,"column":8},"end":{"line":298,"column":47}},"64":{"start":{"line":300,"column":8},"end":{"line":300,"column":50}},"65":{"start":{"line":306,"column":8},"end":{"line":306,"column":45}},"66":{"start":{"line":307,"column":8},"end":{"line":307,"column":53}},"67":{"start":{"line":308,"column":8},"end":{"line":308,"column":55}},"68":{"start":{"line":313,"column":8},"end":{"line":313,"column":57}},"69":{"start":{"line":314,"column":8},"end":{"line":314,"column":53}},"70":{"start":{"line":317,"column":8},"end":{"line":317,"column":48}},"71":{"start":{"line":318,"column":8},"end":{"line":318,"column":51}},"72":{"start":{"line":320,"column":8},"end":{"line":320,"column":64}},"73":{"start":{"line":324,"column":8},"end":{"line":324,"column":45}},"74":{"start":{"line":325,"column":8},"end":{"line":325,"column":57}},"75":{"start":{"line":326,"column":8},"end":{"line":326,"column":55}},"76":{"start":{"line":327,"column":8},"end":{"line":327,"column":53}},"77":{"start":{"line":328,"column":8},"end":{"line":328,"column":70}},"78":{"start":{"line":333,"column":8},"end":{"line":333,"column":57}},"79":{"start":{"line":334,"column":8},"end":{"line":334,"column":53}},"80":{"start":{"line":337,"column":8},"end":{"line":337,"column":48}},"81":{"start":{"line":338,"column":8},"end":{"line":338,"column":51}},"82":{"start":{"line":340,"column":8},"end":{"line":340,"column":50}},"83":{"start":{"line":341,"column":8},"end":{"line":341,"column":64}},"84":{"start":{"line":347,"column":8},"end":{"line":347,"column":45}},"85":{"start":{"line":348,"column":8},"end":{"line":348,"column":53}},"86":{"start":{"line":349,"column":8},"end":{"line":349,"column":73}},"87":{"start":{"line":355,"column":8},"end":{"line":355,"column":43}},"88":{"start":{"line":357,"column":8},"end":{"line":357,"column":59}},"89":{"start":{"line":363,"column":8},"end":{"line":363,"column":45}},"90":{"start":{"line":364,"column":8},"end":{"line":364,"column":89}},"91":{"start":{"line":365,"column":8},"end":{"line":365,"column":55}},"92":{"start":{"line":371,"column":8},"end":{"line":371,"column":64}},"93":{"start":{"line":375,"column":8},"end":{"line":375,"column":45}},"94":{"start":{"line":376,"column":8},"end":{"line":376,"column":89}},"95":{"start":{"line":377,"column":8},"end":{"line":377,"column":59}},"96":{"start":{"line":378,"column":8},"end":{"line":378,"column":68}},"97":{"start":{"line":388,"column":8},"end":{"line":388,"column":54}},"98":{"start":{"line":389,"column":8},"end":{"line":389,"column":45}},"99":{"start":{"line":390,"column":8},"end":{"line":390,"column":59}},"100":{"start":{"line":392,"column":8},"end":{"line":392,"column":65}},"101":{"start":{"line":393,"column":8},"end":{"line":393,"column":54}},"102":{"start":{"line":394,"column":8},"end":{"line":394,"column":62}},"103":{"start":{"line":395,"column":8},"end":{"line":395,"column":55}},"104":{"start":{"line":403,"column":8},"end":{"line":403,"column":48}},"105":{"start":{"line":404,"column":8},"end":{"line":404,"column":48}},"106":{"start":{"line":405,"column":8},"end":{"line":405,"column":46}},"107":{"start":{"line":407,"column":8},"end":{"line":407,"column":90}},"108":{"start":{"line":416,"column":8},"end":{"line":416,"column":45}},"109":{"start":{"line":417,"column":8},"end":{"line":417,"column":59}},"110":{"start":{"line":418,"column":8},"end":{"line":418,"column":89}},"111":{"start":{"line":419,"column":8},"end":{"line":419,"column":103}},"112":{"start":{"line":428,"column":8},"end":{"line":428,"column":44}},"113":{"start":{"line":429,"column":8},"end":{"line":429,"column":54}},"114":{"start":{"line":430,"column":8},"end":{"line":430,"column":62}},"115":{"start":{"line":431,"column":8},"end":{"line":431,"column":55}},"116":{"start":{"line":433,"column":8},"end":{"line":433,"column":48}},"117":{"start":{"line":434,"column":8},"end":{"line":434,"column":48}},"118":{"start":{"line":435,"column":8},"end":{"line":435,"column":46}},"119":{"start":{"line":437,"column":8},"end":{"line":437,"column":69}},"120":{"start":{"line":443,"column":8},"end":{"line":443,"column":32}},"121":{"start":{"line":443,"column":26},"end":{"line":443,"column":32}},"122":{"start":{"line":446,"column":8},"end":{"line":446,"column":45}},"123":{"start":{"line":454,"column":8},"end":{"line":454,"column":57}},"124":{"start":{"line":455,"column":8},"end":{"line":455,"column":49}},"125":{"start":{"line":460,"column":8},"end":{"line":460,"column":54}},"126":{"start":{"line":461,"column":8},"end":{"line":461,"column":50}},"127":{"start":{"line":469,"column":8},"end":{"line":469,"column":20492}},"128":{"start":{"line":470,"column":12},"end":{"line":470,"column":38}},"129":{"start":{"line":471,"column":12},"end":{"line":471,"column":60}},"130":{"start":{"line":472,"column":12},"end":{"line":472,"column":20657}},"131":{"start":{"line":477,"column":16},"end":{"line":477,"column":20879}},"132":{"start":{"line":480,"column":16},"end":{"line":480,"column":91}},"133":{"start":{"line":482,"column":16},"end":{"line":482,"column":21144}},"134":{"start":{"line":487,"column":20},"end":{"line":487,"column":61}},"135":{"start":{"line":500,"column":8},"end":{"line":500,"column":54}},"136":{"start":{"line":501,"column":8},"end":{"line":501,"column":61}},"137":{"start":{"line":502,"column":8},"end":{"line":502,"column":75}},"138":{"start":{"line":503,"column":8},"end":{"line":503,"column":45}},"139":{"start":{"line":504,"column":8},"end":{"line":504,"column":61}},"140":{"start":{"line":506,"column":8},"end":{"line":506,"column":48}},"141":{"start":{"line":507,"column":8},"end":{"line":507,"column":50}},"142":{"start":{"line":516,"column":8},"end":{"line":516,"column":45}},"143":{"start":{"line":517,"column":8},"end":{"line":517,"column":63}},"144":{"start":{"line":518,"column":8},"end":{"line":518,"column":133}},"145":{"start":{"line":526,"column":8},"end":{"line":526,"column":37}},"146":{"start":{"line":527,"column":8},"end":{"line":527,"column":52}},"147":{"start":{"line":528,"column":8},"end":{"line":528,"column":25}},"148":{"start":{"line":530,"column":8},"end":{"line":530,"column":23255}},"149":{"start":{"line":531,"column":12},"end":{"line":531,"column":41}},"150":{"start":{"line":532,"column":12},"end":{"line":532,"column":23381}},"151":{"start":{"line":533,"column":16},"end":{"line":533,"column":63}},"152":{"start":{"line":538,"column":8},"end":{"line":538,"column":104}},"153":{"start":{"line":539,"column":8},"end":{"line":539,"column":59}},"154":{"start":{"line":540,"column":8},"end":{"line":540,"column":68}},"155":{"start":{"line":541,"column":8},"end":{"line":541,"column":21}},"156":{"start":{"line":545,"column":8},"end":{"line":545,"column":41}},"157":{"start":{"line":549,"column":8},"end":{"line":549,"column":45}},"158":{"start":{"line":550,"column":8},"end":{"line":550,"column":75}},"159":{"start":{"line":554,"column":8},"end":{"line":554,"column":42}},"160":{"start":{"line":559,"column":8},"end":{"line":559,"column":42}},"161":{"start":{"line":563,"column":8},"end":{"line":563,"column":43}}},"branchMap":{"1":{"line":126,"type":"if","locations":[{"start":{"line":126,"column":8},"end":{"line":126,"column":8}},{"start":{"line":126,"column":8},"end":{"line":126,"column":8}}]},"2":{"line":130,"type":"if","locations":[{"start":{"line":130,"column":8},"end":{"line":130,"column":8}},{"start":{"line":130,"column":8},"end":{"line":130,"column":8}}]},"3":{"line":131,"type":"if","locations":[{"start":{"line":131,"column":12},"end":{"line":131,"column":12}},{"start":{"line":131,"column":12},"end":{"line":131,"column":12}}]},"4":{"line":132,"type":"if","locations":[{"start":{"line":132,"column":12},"end":{"line":132,"column":12}},{"start":{"line":132,"column":12},"end":{"line":132,"column":12}}]},"5":{"line":133,"type":"if","locations":[{"start":{"line":133,"column":12},"end":{"line":133,"column":12}},{"start":{"line":133,"column":12},"end":{"line":133,"column":12}}]},"6":{"line":134,"type":"if","locations":[{"start":{"line":134,"column":12},"end":{"line":134,"column":12}},{"start":{"line":134,"column":12},"end":{"line":134,"column":12}}]},"7":{"line":141,"type":"if","locations":[{"start":{"line":141,"column":8},"end":{"line":141,"column":8}},{"start":{"line":141,"column":8},"end":{"line":141,"column":8}}]},"8":{"line":153,"type":"if","locations":[{"start":{"line":153,"column":15},"end":{"line":153,"column":15}},{"start":{"line":153,"column":15},"end":{"line":153,"column":15}}]},"9":{"line":154,"type":"if","locations":[{"start":{"line":154,"column":8},"end":{"line":154,"column":8}},{"start":{"line":154,"column":8},"end":{"line":154,"column":8}}]},"10":{"line":155,"type":"if","locations":[{"start":{"line":155,"column":8},"end":{"line":155,"column":8}},{"start":{"line":155,"column":8},"end":{"line":155,"column":8}}]},"11":{"line":156,"type":"if","locations":[{"start":{"line":156,"column":12},"end":{"line":156,"column":12}},{"start":{"line":156,"column":12},"end":{"line":156,"column":12}}]},"12":{"line":167,"type":"if","locations":[{"start":{"line":167,"column":12},"end":{"line":167,"column":12}},{"start":{"line":167,"column":12},"end":{"line":167,"column":12}}]},"13":{"line":177,"type":"if","locations":[{"start":{"line":177,"column":36},"end":{"line":177,"column":36}},{"start":{"line":177,"column":36},"end":{"line":177,"column":36}}]},"14":{"line":191,"type":"if","locations":[{"start":{"line":191,"column":8},"end":{"line":191,"column":8}},{"start":{"line":191,"column":8},"end":{"line":191,"column":8}}]},"15":{"line":195,"type":"if","locations":[{"start":{"line":195,"column":59},"end":{"line":195,"column":59}},{"start":{"line":195,"column":59},"end":{"line":195,"column":59}}]},"16":{"line":196,"type":"if","locations":[{"start":{"line":196,"column":8},"end":{"line":196,"column":8}},{"start":{"line":196,"column":8},"end":{"line":196,"column":8}}]},"17":{"line":202,"type":"if","locations":[{"start":{"line":202,"column":58},"end":{"line":202,"column":58}},{"start":{"line":202,"column":58},"end":{"line":202,"column":58}}]},"18":{"line":203,"type":"if","locations":[{"start":{"line":203,"column":8},"end":{"line":203,"column":8}},{"start":{"line":203,"column":8},"end":{"line":203,"column":8}}]},"19":{"line":206,"type":"if","locations":[{"start":{"line":206,"column":60},"end":{"line":206,"column":60}},{"start":{"line":206,"column":60},"end":{"line":206,"column":60}}]},"20":{"line":214,"type":"if","locations":[{"start":{"line":214,"column":63},"end":{"line":214,"column":63}},{"start":{"line":214,"column":63},"end":{"line":214,"column":63}}]},"21":{"line":215,"type":"if","locations":[{"start":{"line":215,"column":8},"end":{"line":215,"column":8}},{"start":{"line":215,"column":8},"end":{"line":215,"column":8}}]},"22":{"line":218,"type":"if","locations":[{"start":{"line":218,"column":65},"end":{"line":218,"column":65}},{"start":{"line":218,"column":65},"end":{"line":218,"column":65}}]},"23":{"line":226,"type":"if","locations":[{"start":{"line":226,"column":118},"end":{"line":226,"column":118}},{"start":{"line":226,"column":118},"end":{"line":226,"column":118}}]},"24":{"line":227,"type":"if","locations":[{"start":{"line":227,"column":8},"end":{"line":227,"column":8}},{"start":{"line":227,"column":8},"end":{"line":227,"column":8}}]},"25":{"line":230,"type":"if","locations":[{"start":{"line":230,"column":120},"end":{"line":230,"column":120}},{"start":{"line":230,"column":120},"end":{"line":230,"column":120}}]},"26":{"line":232,"type":"if","locations":[{"start":{"line":232,"column":8},"end":{"line":232,"column":8}},{"start":{"line":232,"column":8},"end":{"line":232,"column":8}}]},"27":{"line":241,"type":"if","locations":[{"start":{"line":241,"column":65},"end":{"line":241,"column":65}},{"start":{"line":241,"column":65},"end":{"line":241,"column":65}}]},"28":{"line":242,"type":"if","locations":[{"start":{"line":242,"column":8},"end":{"line":242,"column":8}},{"start":{"line":242,"column":8},"end":{"line":242,"column":8}}]},"29":{"line":245,"type":"if","locations":[{"start":{"line":245,"column":67},"end":{"line":245,"column":67}},{"start":{"line":245,"column":67},"end":{"line":245,"column":67}}]},"30":{"line":257,"type":"if","locations":[{"start":{"line":257,"column":15},"end":{"line":257,"column":15}},{"start":{"line":257,"column":15},"end":{"line":257,"column":15}}]},"31":{"line":257,"type":"if","locations":[{"start":{"line":257,"column":28},"end":{"line":257,"column":28}},{"start":{"line":257,"column":28},"end":{"line":257,"column":28}}]},"32":{"line":259,"type":"if","locations":[{"start":{"line":259,"column":8},"end":{"line":259,"column":8}},{"start":{"line":259,"column":8},"end":{"line":259,"column":8}}]},"33":{"line":260,"type":"if","locations":[{"start":{"line":260,"column":8},"end":{"line":260,"column":8}},{"start":{"line":260,"column":8},"end":{"line":260,"column":8}}]},"34":{"line":261,"type":"if","locations":[{"start":{"line":261,"column":8},"end":{"line":261,"column":8}},{"start":{"line":261,"column":8},"end":{"line":261,"column":8}}]},"35":{"line":262,"type":"if","locations":[{"start":{"line":262,"column":8},"end":{"line":262,"column":8}},{"start":{"line":262,"column":8},"end":{"line":262,"column":8}}]},"36":{"line":263,"type":"if","locations":[{"start":{"line":263,"column":8},"end":{"line":263,"column":8}},{"start":{"line":263,"column":8},"end":{"line":263,"column":8}}]},"37":{"line":269,"type":"if","locations":[{"start":{"line":269,"column":8},"end":{"line":269,"column":8}},{"start":{"line":269,"column":8},"end":{"line":269,"column":8}}]},"38":{"line":293,"type":"if","locations":[{"start":{"line":293,"column":54},"end":{"line":293,"column":54}},{"start":{"line":293,"column":54},"end":{"line":293,"column":54}}]},"39":{"line":295,"type":"if","locations":[{"start":{"line":295,"column":8},"end":{"line":295,"column":8}},{"start":{"line":295,"column":8},"end":{"line":295,"column":8}}]},"40":{"line":296,"type":"if","locations":[{"start":{"line":296,"column":8},"end":{"line":296,"column":8}},{"start":{"line":296,"column":8},"end":{"line":296,"column":8}}]},"41":{"line":297,"type":"if","locations":[{"start":{"line":297,"column":8},"end":{"line":297,"column":8}},{"start":{"line":297,"column":8},"end":{"line":297,"column":8}}]},"42":{"line":298,"type":"if","locations":[{"start":{"line":298,"column":8},"end":{"line":298,"column":8}},{"start":{"line":298,"column":8},"end":{"line":298,"column":8}}]},"43":{"line":305,"type":"if","locations":[{"start":{"line":305,"column":54},"end":{"line":305,"column":54}},{"start":{"line":305,"column":54},"end":{"line":305,"column":54}}]},"44":{"line":305,"type":"if","locations":[{"start":{"line":305,"column":67},"end":{"line":305,"column":67}},{"start":{"line":305,"column":67},"end":{"line":305,"column":67}}]},"45":{"line":307,"type":"if","locations":[{"start":{"line":307,"column":8},"end":{"line":307,"column":8}},{"start":{"line":307,"column":8},"end":{"line":307,"column":8}}]},"46":{"line":308,"type":"if","locations":[{"start":{"line":308,"column":8},"end":{"line":308,"column":8}},{"start":{"line":308,"column":8},"end":{"line":308,"column":8}}]},"47":{"line":323,"type":"if","locations":[{"start":{"line":323,"column":54},"end":{"line":323,"column":54}},{"start":{"line":323,"column":54},"end":{"line":323,"column":54}}]},"48":{"line":323,"type":"if","locations":[{"start":{"line":323,"column":67},"end":{"line":323,"column":67}},{"start":{"line":323,"column":67},"end":{"line":323,"column":67}}]},"49":{"line":325,"type":"if","locations":[{"start":{"line":325,"column":8},"end":{"line":325,"column":8}},{"start":{"line":325,"column":8},"end":{"line":325,"column":8}}]},"50":{"line":326,"type":"if","locations":[{"start":{"line":326,"column":8},"end":{"line":326,"column":8}},{"start":{"line":326,"column":8},"end":{"line":326,"column":8}}]},"51":{"line":327,"type":"if","locations":[{"start":{"line":327,"column":8},"end":{"line":327,"column":8}},{"start":{"line":327,"column":8},"end":{"line":327,"column":8}}]},"52":{"line":328,"type":"if","locations":[{"start":{"line":328,"column":8},"end":{"line":328,"column":8}},{"start":{"line":328,"column":8},"end":{"line":328,"column":8}}]},"53":{"line":346,"type":"if","locations":[{"start":{"line":346,"column":54},"end":{"line":346,"column":54}},{"start":{"line":346,"column":54},"end":{"line":346,"column":54}}]},"54":{"line":346,"type":"if","locations":[{"start":{"line":346,"column":67},"end":{"line":346,"column":67}},{"start":{"line":346,"column":67},"end":{"line":346,"column":67}}]},"55":{"line":348,"type":"if","locations":[{"start":{"line":348,"column":8},"end":{"line":348,"column":8}},{"start":{"line":348,"column":8},"end":{"line":348,"column":8}}]},"56":{"line":349,"type":"if","locations":[{"start":{"line":349,"column":8},"end":{"line":349,"column":8}},{"start":{"line":349,"column":8},"end":{"line":349,"column":8}}]},"57":{"line":362,"type":"if","locations":[{"start":{"line":362,"column":76},"end":{"line":362,"column":76}},{"start":{"line":362,"column":76},"end":{"line":362,"column":76}}]},"58":{"line":364,"type":"if","locations":[{"start":{"line":364,"column":8},"end":{"line":364,"column":8}},{"start":{"line":364,"column":8},"end":{"line":364,"column":8}}]},"59":{"line":364,"type":"cond-expr","locations":[{"start":{"line":364,"column":16},"end":{"line":364,"column":37}},{"start":{"line":364,"column":42},"end":{"line":364,"column":65}}]},"60":{"line":365,"type":"if","locations":[{"start":{"line":365,"column":8},"end":{"line":365,"column":8}},{"start":{"line":365,"column":8},"end":{"line":365,"column":8}}]},"61":{"line":376,"type":"if","locations":[{"start":{"line":376,"column":8},"end":{"line":376,"column":8}},{"start":{"line":376,"column":8},"end":{"line":376,"column":8}}]},"62":{"line":376,"type":"cond-expr","locations":[{"start":{"line":376,"column":16},"end":{"line":376,"column":37}},{"start":{"line":376,"column":42},"end":{"line":376,"column":65}}]},"63":{"line":377,"type":"if","locations":[{"start":{"line":377,"column":8},"end":{"line":377,"column":8}},{"start":{"line":377,"column":8},"end":{"line":377,"column":8}}]},"64":{"line":387,"type":"if","locations":[{"start":{"line":387,"column":78},"end":{"line":387,"column":78}},{"start":{"line":387,"column":78},"end":{"line":387,"column":78}}]},"65":{"line":387,"type":"if","locations":[{"start":{"line":387,"column":88},"end":{"line":387,"column":88}},{"start":{"line":387,"column":88},"end":{"line":387,"column":88}}]},"66":{"line":388,"type":"if","locations":[{"start":{"line":388,"column":8},"end":{"line":388,"column":8}},{"start":{"line":388,"column":8},"end":{"line":388,"column":8}}]},"67":{"line":390,"type":"if","locations":[{"start":{"line":390,"column":8},"end":{"line":390,"column":8}},{"start":{"line":390,"column":8},"end":{"line":390,"column":8}}]},"68":{"line":415,"type":"if","locations":[{"start":{"line":415,"column":61},"end":{"line":415,"column":61}},{"start":{"line":415,"column":61},"end":{"line":415,"column":61}}]},"69":{"line":417,"type":"if","locations":[{"start":{"line":417,"column":8},"end":{"line":417,"column":8}},{"start":{"line":417,"column":8},"end":{"line":417,"column":8}}]},"70":{"line":418,"type":"if","locations":[{"start":{"line":418,"column":8},"end":{"line":418,"column":8}},{"start":{"line":418,"column":8},"end":{"line":418,"column":8}}]},"71":{"line":418,"type":"cond-expr","locations":[{"start":{"line":418,"column":16},"end":{"line":418,"column":37}},{"start":{"line":418,"column":42},"end":{"line":418,"column":65}}]},"72":{"line":419,"type":"if","locations":[{"start":{"line":419,"column":8},"end":{"line":419,"column":8}},{"start":{"line":419,"column":8},"end":{"line":419,"column":8}}]},"73":{"line":443,"type":"if","locations":[{"start":{"line":443,"column":8},"end":{"line":443,"column":8}},{"start":{"line":443,"column":8},"end":{"line":443,"column":8}}]},"74":{"line":453,"type":"if","locations":[{"start":{"line":453,"column":47},"end":{"line":453,"column":47}},{"start":{"line":453,"column":47},"end":{"line":453,"column":47}}]},"75":{"line":455,"type":"if","locations":[{"start":{"line":455,"column":8},"end":{"line":455,"column":8}},{"start":{"line":455,"column":8},"end":{"line":455,"column":8}}]},"76":{"line":468,"type":"if","locations":[{"start":{"line":468,"column":64},"end":{"line":468,"column":64}},{"start":{"line":468,"column":64},"end":{"line":468,"column":64}}]},"77":{"line":472,"type":"if","locations":[{"start":{"line":472,"column":12},"end":{"line":472,"column":12}},{"start":{"line":472,"column":12},"end":{"line":472,"column":12}}]},"78":{"line":482,"type":"if","locations":[{"start":{"line":482,"column":16},"end":{"line":482,"column":16}},{"start":{"line":482,"column":16},"end":{"line":482,"column":16}}]},"79":{"line":499,"type":"if","locations":[{"start":{"line":499,"column":87},"end":{"line":499,"column":87}},{"start":{"line":499,"column":87},"end":{"line":499,"column":87}}]},"80":{"line":499,"type":"if","locations":[{"start":{"line":499,"column":97},"end":{"line":499,"column":97}},{"start":{"line":499,"column":97},"end":{"line":499,"column":97}}]},"81":{"line":500,"type":"if","locations":[{"start":{"line":500,"column":8},"end":{"line":500,"column":8}},{"start":{"line":500,"column":8},"end":{"line":500,"column":8}}]},"82":{"line":503,"type":"if","locations":[{"start":{"line":503,"column":8},"end":{"line":503,"column":8}},{"start":{"line":503,"column":8},"end":{"line":503,"column":8}}]},"83":{"line":504,"type":"if","locations":[{"start":{"line":504,"column":8},"end":{"line":504,"column":8}},{"start":{"line":504,"column":8},"end":{"line":504,"column":8}}]},"84":{"line":517,"type":"if","locations":[{"start":{"line":517,"column":8},"end":{"line":517,"column":8}},{"start":{"line":517,"column":8},"end":{"line":517,"column":8}}]},"85":{"line":532,"type":"if","locations":[{"start":{"line":532,"column":12},"end":{"line":532,"column":12}},{"start":{"line":532,"column":12},"end":{"line":532,"column":12}}]},"86":{"line":532,"type":"cond-expr","locations":[{"start":{"line":532,"column":17},"end":{"line":532,"column":33}},{"start":{"line":532,"column":38},"end":{"line":532,"column":56}}]},"87":{"line":532,"type":"cond-expr","locations":[{"start":{"line":532,"column":63},"end":{"line":532,"column":87}},{"start":{"line":532,"column":92},"end":{"line":532,"column":118}}]},"88":{"line":533,"type":"if","locations":[{"start":{"line":533,"column":16},"end":{"line":533,"column":16}},{"start":{"line":533,"column":16},"end":{"line":533,"column":16}}]},"89":{"line":538,"type":"if","locations":[{"start":{"line":538,"column":47},"end":{"line":538,"column":99}},{"start":{"line":538,"column":103},"end":{"line":538,"column":103}}]}}}}